Assuming unrestricted shared filesystem usage.
host: hpc09
Building DAG of jobs...
Creating conda environment workflow/envs/cellsnp.yaml...
Downloading and installing remote packages.
Cleaning up conda package tarballs.
Environment for /netscratch/dep_mercier/grp_marques/Aaryan/Cuscuta/epithymum/CO_snkmk/workflow/envs/cellsnp.yaml created (location: .snakemake/conda/bfb30e216b82c9216f559aeacd523c71_)
Using shell: /usr/bin/bash
Provided cores: 4
Rules claiming more threads will be scaled down.
Job stats:
job                    count
-------------------  -------
cellsnp_to_per_cell        1
total                      1

Select jobs to execute...
Execute 1 jobs...

[Tue Apr 28 13:58:38 2026]
localrule cellsnp_to_per_cell:
    input: results/snps/6303_B_hap1/cellSNP.tag.DP.mtx, results/snps/6303_B_hap1/cellSNP.tag.AD.mtx, results/snps/6303_B_hap1/cellSNP.samples.tsv, results/snps/6303_B_hap1/cellSNP.base.vcf.gz, /netscratch/dep_mercier/grp_marques/Aaryan/Cuscuta/epithymum/results/assemblies/C_epithymum_haphic_mar2026/HiC_scaffolding/haphic/05.post_juicebox/hap1.fasta.fai
    output: results/cell_data/6303_B_hap1/chrom_map.tsv, results/cell_data/6303_B_hap1/conversion_summary.txt
    log: logs/cellsnp_to_per_cell/6303_B_hap1.log
    jobid: 0
    reason: Missing output files: results/cell_data/6303_B_hap1/conversion_summary.txt
    wildcards: sample=6303_B_hap1
    resources: tmpdir=/scratch, runtime=30, mem_mb=16000, mem=16 GB, mem_mib=15259
Activating conda environment: .snakemake/conda/bfb30e216b82c9216f559aeacd523c71_
[Tue Apr 28 14:00:57 2026]
Finished jobid: 0 (Rule: cellsnp_to_per_cell)
1 of 1 steps (100%) done
Complete log(s): /netscratch/dep_mercier/grp_marques/Aaryan/Cuscuta/epithymum/CO_snkmk/.snakemake/log/2026-04-28T135803.675952.snakemake.log
