Assuming unrestricted shared filesystem usage.
host: hpc09
Building DAG of jobs...
Using shell: /usr/bin/bash
Provided cores: 14
Rules claiming more threads will be scaled down.
Job stats:
job                        count
-----------------------  -------
hifi_variants_per_chrom        7
hifi_variants_merge            1
marker_diagnostics             1
total                          9

Select jobs to execute...
Execute 7 jobs...

[Thu Apr 23 12:56:40 2026]
localrule hifi_variants_per_chrom:
    input: /netscratch/dep_mercier/grp_marques/Aaryan/Cuscuta/epithymum/results/assemblies/C_epithymum_haphic_mar2026/HiC_scaffolding/haphic/05.post_juicebox/hap1.fasta, /netscratch/dep_mercier/grp_marques/Aaryan/Cuscuta/epithymum/results/assemblies/C_epithymum_haphic_mar2026/HiC_scaffolding/haphic/05.post_juicebox/hap1.fasta.fai, results/markers/6303_B_hap1/hifi.bam, results/markers/6303_B_hap1/hifi.bam.bai
    output: results/markers/6303_B_hap1/by_chrom/scaffold_5.vcf.gz, results/markers/6303_B_hap1/by_chrom/scaffold_5.vcf.gz.tbi
    log: logs/hifi_variants_per_chrom/6303_B_hap1.scaffold_5.log
    jobid: 5
    reason: Missing output files: results/markers/6303_B_hap1/by_chrom/scaffold_5.vcf.gz
    wildcards: sample=6303_B_hap1, chrom=scaffold_5
    threads: 2
    resources: tmpdir=/scratch, runtime=600, mem_mb=8000, mem=8 GB, mem_mib=7630
Activating conda environment: .snakemake/conda/7c26141b5b7c92ef7742182008d09912_

[Thu Apr 23 12:56:40 2026]
localrule hifi_variants_per_chrom:
    input: /netscratch/dep_mercier/grp_marques/Aaryan/Cuscuta/epithymum/results/assemblies/C_epithymum_haphic_mar2026/HiC_scaffolding/haphic/05.post_juicebox/hap1.fasta, /netscratch/dep_mercier/grp_marques/Aaryan/Cuscuta/epithymum/results/assemblies/C_epithymum_haphic_mar2026/HiC_scaffolding/haphic/05.post_juicebox/hap1.fasta.fai, results/markers/6303_B_hap1/hifi.bam, results/markers/6303_B_hap1/hifi.bam.bai
    output: results/markers/6303_B_hap1/by_chrom/scaffold_9.vcf.gz, results/markers/6303_B_hap1/by_chrom/scaffold_9.vcf.gz.tbi
    log: logs/hifi_variants_per_chrom/6303_B_hap1.scaffold_9.log
    jobid: 7
    reason: Missing output files: results/markers/6303_B_hap1/by_chrom/scaffold_9.vcf.gz
    wildcards: sample=6303_B_hap1, chrom=scaffold_9
    threads: 2
    resources: tmpdir=/scratch, runtime=600, mem_mb=8000, mem=8 GB, mem_mib=7630
Activating conda environment: .snakemake/conda/7c26141b5b7c92ef7742182008d09912_

[Thu Apr 23 12:56:40 2026]
localrule hifi_variants_per_chrom:
    input: /netscratch/dep_mercier/grp_marques/Aaryan/Cuscuta/epithymum/results/assemblies/C_epithymum_haphic_mar2026/HiC_scaffolding/haphic/05.post_juicebox/hap1.fasta, /netscratch/dep_mercier/grp_marques/Aaryan/Cuscuta/epithymum/results/assemblies/C_epithymum_haphic_mar2026/HiC_scaffolding/haphic/05.post_juicebox/hap1.fasta.fai, results/markers/6303_B_hap1/hifi.bam, results/markers/6303_B_hap1/hifi.bam.bai
    output: results/markers/6303_B_hap1/by_chrom/scaffold_13.vcf.gz, results/markers/6303_B_hap1/by_chrom/scaffold_13.vcf.gz.tbi
    log: logs/hifi_variants_per_chrom/6303_B_hap1.scaffold_13.log
    jobid: 9
    reason: Missing output files: results/markers/6303_B_hap1/by_chrom/scaffold_13.vcf.gz
    wildcards: sample=6303_B_hap1, chrom=scaffold_13
    threads: 2
    resources: tmpdir=/scratch, runtime=600, mem_mb=8000, mem=8 GB, mem_mib=7630
Activating conda environment: .snakemake/conda/7c26141b5b7c92ef7742182008d09912_

[Thu Apr 23 12:56:40 2026]
localrule hifi_variants_per_chrom:
    input: /netscratch/dep_mercier/grp_marques/Aaryan/Cuscuta/epithymum/results/assemblies/C_epithymum_haphic_mar2026/HiC_scaffolding/haphic/05.post_juicebox/hap1.fasta, /netscratch/dep_mercier/grp_marques/Aaryan/Cuscuta/epithymum/results/assemblies/C_epithymum_haphic_mar2026/HiC_scaffolding/haphic/05.post_juicebox/hap1.fasta.fai, results/markers/6303_B_hap1/hifi.bam, results/markers/6303_B_hap1/hifi.bam.bai
    output: results/markers/6303_B_hap1/by_chrom/scaffold_3.vcf.gz, results/markers/6303_B_hap1/by_chrom/scaffold_3.vcf.gz.tbi
    log: logs/hifi_variants_per_chrom/6303_B_hap1.scaffold_3.log
    jobid: 4
    reason: Missing output files: results/markers/6303_B_hap1/by_chrom/scaffold_3.vcf.gz
    wildcards: sample=6303_B_hap1, chrom=scaffold_3
    threads: 2
    resources: tmpdir=/scratch, runtime=600, mem_mb=8000, mem=8 GB, mem_mib=7630
Activating conda environment: .snakemake/conda/7c26141b5b7c92ef7742182008d09912_

[Thu Apr 23 12:56:40 2026]
localrule hifi_variants_per_chrom:
    input: /netscratch/dep_mercier/grp_marques/Aaryan/Cuscuta/epithymum/results/assemblies/C_epithymum_haphic_mar2026/HiC_scaffolding/haphic/05.post_juicebox/hap1.fasta, /netscratch/dep_mercier/grp_marques/Aaryan/Cuscuta/epithymum/results/assemblies/C_epithymum_haphic_mar2026/HiC_scaffolding/haphic/05.post_juicebox/hap1.fasta.fai, results/markers/6303_B_hap1/hifi.bam, results/markers/6303_B_hap1/hifi.bam.bai
    output: results/markers/6303_B_hap1/by_chrom/scaffold_7.vcf.gz, results/markers/6303_B_hap1/by_chrom/scaffold_7.vcf.gz.tbi
    log: logs/hifi_variants_per_chrom/6303_B_hap1.scaffold_7.log
    jobid: 6
    reason: Missing output files: results/markers/6303_B_hap1/by_chrom/scaffold_7.vcf.gz
    wildcards: sample=6303_B_hap1, chrom=scaffold_7
    threads: 2
    resources: tmpdir=/scratch, runtime=600, mem_mb=8000, mem=8 GB, mem_mib=7630
Activating conda environment: .snakemake/conda/7c26141b5b7c92ef7742182008d09912_

[Thu Apr 23 12:56:40 2026]
localrule hifi_variants_per_chrom:
    input: /netscratch/dep_mercier/grp_marques/Aaryan/Cuscuta/epithymum/results/assemblies/C_epithymum_haphic_mar2026/HiC_scaffolding/haphic/05.post_juicebox/hap1.fasta, /netscratch/dep_mercier/grp_marques/Aaryan/Cuscuta/epithymum/results/assemblies/C_epithymum_haphic_mar2026/HiC_scaffolding/haphic/05.post_juicebox/hap1.fasta.fai, results/markers/6303_B_hap1/hifi.bam, results/markers/6303_B_hap1/hifi.bam.bai
    output: results/markers/6303_B_hap1/by_chrom/scaffold_11.vcf.gz, results/markers/6303_B_hap1/by_chrom/scaffold_11.vcf.gz.tbi
    log: logs/hifi_variants_per_chrom/6303_B_hap1.scaffold_11.log
    jobid: 8
    reason: Missing output files: results/markers/6303_B_hap1/by_chrom/scaffold_11.vcf.gz
    wildcards: sample=6303_B_hap1, chrom=scaffold_11
    threads: 2
    resources: tmpdir=/scratch, runtime=600, mem_mb=8000, mem=8 GB, mem_mib=7630
Activating conda environment: .snakemake/conda/7c26141b5b7c92ef7742182008d09912_

[Thu Apr 23 12:56:40 2026]
localrule hifi_variants_per_chrom:
    input: /netscratch/dep_mercier/grp_marques/Aaryan/Cuscuta/epithymum/results/assemblies/C_epithymum_haphic_mar2026/HiC_scaffolding/haphic/05.post_juicebox/hap1.fasta, /netscratch/dep_mercier/grp_marques/Aaryan/Cuscuta/epithymum/results/assemblies/C_epithymum_haphic_mar2026/HiC_scaffolding/haphic/05.post_juicebox/hap1.fasta.fai, results/markers/6303_B_hap1/hifi.bam, results/markers/6303_B_hap1/hifi.bam.bai
    output: results/markers/6303_B_hap1/by_chrom/scaffold_1.vcf.gz, results/markers/6303_B_hap1/by_chrom/scaffold_1.vcf.gz.tbi
    log: logs/hifi_variants_per_chrom/6303_B_hap1.scaffold_1.log
    jobid: 2
    reason: Missing output files: results/markers/6303_B_hap1/by_chrom/scaffold_1.vcf.gz
    wildcards: sample=6303_B_hap1, chrom=scaffold_1
    threads: 2
    resources: tmpdir=/scratch, runtime=600, mem_mb=8000, mem=8 GB, mem_mib=7630
Activating conda environment: .snakemake/conda/7c26141b5b7c92ef7742182008d09912_
[Thu Apr 23 18:00:16 2026]
Finished jobid: 9 (Rule: hifi_variants_per_chrom)
1 of 9 steps (11%) done
[Thu Apr 23 18:07:48 2026]
Finished jobid: 5 (Rule: hifi_variants_per_chrom)
2 of 9 steps (22%) done
[Thu Apr 23 18:38:45 2026]
Finished jobid: 7 (Rule: hifi_variants_per_chrom)
3 of 9 steps (33%) done
[Thu Apr 23 18:45:47 2026]
Finished jobid: 8 (Rule: hifi_variants_per_chrom)
4 of 9 steps (44%) done
[Thu Apr 23 18:54:42 2026]
Finished jobid: 6 (Rule: hifi_variants_per_chrom)
5 of 9 steps (56%) done
[Thu Apr 23 20:07:05 2026]
Finished jobid: 4 (Rule: hifi_variants_per_chrom)
6 of 9 steps (67%) done
[Thu Apr 23 23:04:28 2026]
Finished jobid: 2 (Rule: hifi_variants_per_chrom)
7 of 9 steps (78%) done
Select jobs to execute...
Execute 1 jobs...

[Thu Apr 23 23:04:28 2026]
localrule hifi_variants_merge:
    input: results/markers/6303_B_hap1/by_chrom/scaffold_1.vcf.gz, results/markers/6303_B_hap1/by_chrom/scaffold_3.vcf.gz, results/markers/6303_B_hap1/by_chrom/scaffold_5.vcf.gz, results/markers/6303_B_hap1/by_chrom/scaffold_7.vcf.gz, results/markers/6303_B_hap1/by_chrom/scaffold_9.vcf.gz, results/markers/6303_B_hap1/by_chrom/scaffold_11.vcf.gz, results/markers/6303_B_hap1/by_chrom/scaffold_13.vcf.gz
    output: results/markers/6303_B_hap1/hifi_raw.vcf.gz, results/markers/6303_B_hap1/hifi_raw.vcf.gz.tbi
    log: logs/hifi_variants_merge/6303_B_hap1.log
    jobid: 1
    reason: Missing output files: results/markers/6303_B_hap1/hifi_raw.vcf.gz; Input files updated by another job: results/markers/6303_B_hap1/by_chrom/scaffold_3.vcf.gz, results/markers/6303_B_hap1/by_chrom/scaffold_7.vcf.gz, results/markers/6303_B_hap1/by_chrom/scaffold_1.vcf.gz, results/markers/6303_B_hap1/by_chrom/scaffold_5.vcf.gz, results/markers/6303_B_hap1/by_chrom/scaffold_13.vcf.gz, results/markers/6303_B_hap1/by_chrom/scaffold_9.vcf.gz, results/markers/6303_B_hap1/by_chrom/scaffold_11.vcf.gz
    wildcards: sample=6303_B_hap1
    threads: 2
    resources: tmpdir=/scratch, runtime=30, mem_mb=4000, mem=4 GB, mem_mib=3815
Activating conda environment: .snakemake/conda/7c26141b5b7c92ef7742182008d09912_
[Thu Apr 23 23:04:48 2026]
Finished jobid: 1 (Rule: hifi_variants_merge)
8 of 9 steps (89%) done
Select jobs to execute...
Execute 1 jobs...

[Thu Apr 23 23:04:48 2026]
localrule marker_diagnostics:
    input: results/markers/6303_B_hap1/hifi_raw.vcf.gz
    output: results/markers/6303_B_hap1/raw_variant_stats.tsv, results/markers/6303_B_hap1/diagnostic_histograms.pdf, results/markers/6303_B_hap1/diagnostics_summary.txt
    log: logs/marker_diagnostics/6303_B_hap1.log
    jobid: 0
    reason: Missing output files: results/markers/6303_B_hap1/diagnostic_histograms.pdf; Input files updated by another job: results/markers/6303_B_hap1/hifi_raw.vcf.gz
    wildcards: sample=6303_B_hap1
    resources: tmpdir=/scratch, runtime=60, mem_mb=16000, mem=16 GB, mem_mib=15259
Activating conda environment: .snakemake/conda/7c26141b5b7c92ef7742182008d09912_
RuleException:
CalledProcessError in file "/netscratch/dep_mercier/grp_marques/Aaryan/Cuscuta/epithymum/CO_snkmk/workflow/Snakefile", line 270:
Command 'source /netscratch/dep_mercier/grp_marques/Aaryan/micromamba_envs/smk/bin/activate '/netscratch/dep_mercier/grp_marques/Aaryan/Cuscuta/epithymum/CO_snkmk/.snakemake/conda/7c26141b5b7c92ef7742182008d09912_'; set -euo pipefail;  
        Rscript workflow/scripts/marker_diagnostics.R             --vcf results/markers/6303_B_hap1/hifi_raw.vcf.gz             --out_stats results/markers/6303_B_hap1/raw_variant_stats.tsv             --out_pdf results/markers/6303_B_hap1/diagnostic_histograms.pdf             --out_summary results/markers/6303_B_hap1/diagnostics_summary.txt             > logs/marker_diagnostics/6303_B_hap1.log 2>&1' returned non-zero exit status 1.
[Thu Apr 23 23:06:31 2026]
Error in rule marker_diagnostics:
    message: None
    jobid: 0
    input: results/markers/6303_B_hap1/hifi_raw.vcf.gz
    output: results/markers/6303_B_hap1/raw_variant_stats.tsv, results/markers/6303_B_hap1/diagnostic_histograms.pdf, results/markers/6303_B_hap1/diagnostics_summary.txt
    log: logs/marker_diagnostics/6303_B_hap1.log (check log file(s) for error details)
    conda-env: /netscratch/dep_mercier/grp_marques/Aaryan/Cuscuta/epithymum/CO_snkmk/.snakemake/conda/7c26141b5b7c92ef7742182008d09912_
    shell:
        
        Rscript workflow/scripts/marker_diagnostics.R             --vcf results/markers/6303_B_hap1/hifi_raw.vcf.gz             --out_stats results/markers/6303_B_hap1/raw_variant_stats.tsv             --out_pdf results/markers/6303_B_hap1/diagnostic_histograms.pdf             --out_summary results/markers/6303_B_hap1/diagnostics_summary.txt             > logs/marker_diagnostics/6303_B_hap1.log 2>&1
        
        (command exited with non-zero exit code)
Shutting down, this might take some time.
Exiting because a job execution failed. Look below for error messages
[Thu Apr 23 23:06:31 2026]
Error in rule marker_diagnostics:
    message: None
    jobid: 0
    input: results/markers/6303_B_hap1/hifi_raw.vcf.gz
    output: results/markers/6303_B_hap1/raw_variant_stats.tsv, results/markers/6303_B_hap1/diagnostic_histograms.pdf, results/markers/6303_B_hap1/diagnostics_summary.txt
    log: logs/marker_diagnostics/6303_B_hap1.log (check log file(s) for error details)
    conda-env: /netscratch/dep_mercier/grp_marques/Aaryan/Cuscuta/epithymum/CO_snkmk/.snakemake/conda/7c26141b5b7c92ef7742182008d09912_
    shell:
        
        Rscript workflow/scripts/marker_diagnostics.R             --vcf results/markers/6303_B_hap1/hifi_raw.vcf.gz             --out_stats results/markers/6303_B_hap1/raw_variant_stats.tsv             --out_pdf results/markers/6303_B_hap1/diagnostic_histograms.pdf             --out_summary results/markers/6303_B_hap1/diagnostics_summary.txt             > logs/marker_diagnostics/6303_B_hap1.log 2>&1
        
        (command exited with non-zero exit code)
Complete log(s): /netscratch/dep_mercier/grp_marques/Aaryan/Cuscuta/epithymum/CO_snkmk/.snakemake/log/2026-04-23T125638.435452.snakemake.log
WorkflowError:
At least one job did not complete successfully.
